Log file open, 02/18/20 12:48:11
LogWindows: Failed to load 'aqProf.dll' (GetLastError=126)
LogWindows: File 'aqProf.dll' does not exist
LogWindows: Failed to load 'VtuneApi.dll' (GetLastError=126)
LogWindows: File 'VtuneApi.dll' does not exist
LogWindows: Failed to load 'VtuneApi32e.dll' (GetLastError=126)
LogWindows: File 'VtuneApi32e.dll' does not exist
LogConsoleResponse: Display: Failed to find resolution value strings in scalability ini. Falling back to default.
LogInit: Display: Running engine for game: LOST_IN_THE_FOREST
LogPlatformFile: Not using cached read wrapper
LogTaskGraph: Started task graph with 5 named threads and 35 total threads with 3 sets of task threads.
LogStats: Stats thread started at 0.056288
LogD3D11RHI: Loaded GFSDK_Aftermath_Lib.x64.dll
LogICUInternationalization: ICU TimeZone Detection - Raw Offset: +1:00, Platform Override: ''
LogPluginManager: Mounting plugin Paper2D
LogPluginManager: Mounting plugin AISupport
LogPluginManager: Mounting plugin LightPropagationVolume
LogPluginManager: Mounting plugin ActorLayerUtilities
LogPluginManager: Mounting plugin AnimationSharing
LogPluginManager: Mounting plugin CLionSourceCodeAccess
LogPluginManager: Mounting plugin CodeLiteSourceCodeAccess
LogPluginManager: Mounting plugin GitSourceControl
LogPluginManager: Mounting plugin KDevelopSourceCodeAccess
LogPluginManager: Mounting plugin NullSourceCodeAccess
LogPluginManager: Mounting plugin PerforceSourceControl
LogPluginManager: Mounting plugin SubversionSourceControl
LogPluginManager: Mounting plugin UObjectPlugin
LogPluginManager: Mounting plugin VisualStudioCodeSourceCodeAccess
LogPluginManager: Mounting plugin VisualStudioSourceCodeAccess
LogPluginManager: Mounting plugin XCodeSourceCodeAccess
LogPluginManager: Mounting plugin AssetManagerEditor
LogPluginManager: Mounting plugin CryptoKeys
LogPluginManager: Mounting plugin CurveEditorTools
LogPluginManager: Mounting plugin DataValidation
LogPluginManager: Mounting plugin FacialAnimation
LogPluginManager: Mounting plugin GameplayTagsEditor
LogPluginManager: Mounting plugin MacGraphicsSwitching
LogPluginManager: Mounting plugin MaterialAnalyzer
LogPluginManager: Mounting plugin MobileLauncherProfileWizard
LogPluginManager: Mounting plugin PluginBrowser
LogPluginManager: Mounting plugin SpeedTreeImporter
LogPluginManager: Mounting plugin DatasmithContent
LogPluginManager: Mounting plugin VariantManagerContent
LogPluginManager: Mounting plugin AlembicImporter
LogPluginManager: Mounting plugin AutomationUtils
LogPluginManager: Mounting plugin BackChannel
LogPluginManager: Mounting plugin CharacterAI
LogPluginManager: Mounting plugin GeometryCache
LogPluginManager: Mounting plugin HTML5Networking
LogPluginManager: Mounting plugin PlatformCrypto
LogPluginManager: Mounting plugin ProxyLODPlugin
LogPluginManager: Mounting plugin SkeletalReduction
LogPluginManager: Mounting plugin MagicLeap
LogPluginManager: Mounting plugin MagicLeapMedia
LogPluginManager: Mounting plugin AndroidMedia
LogPluginManager: Mounting plugin AvfMedia
LogPluginManager: Mounting plugin ImgMedia
LogPluginManager: Mounting plugin MediaCompositing
LogPluginManager: Mounting plugin MediaPlayerEditor
LogPluginManager: Mounting plugin WebMMedia
LogPluginManager: Mounting plugin WmfMedia
LogPluginManager: Mounting plugin TcpMessaging
LogPluginManager: Mounting plugin UdpMessaging
LogPluginManager: Mounting plugin ActorSequence
LogPluginManager: Mounting plugin LevelSequenceEditor
LogPluginManager: Mounting plugin MatineeToLevelSequence
LogPluginManager: Mounting plugin NetcodeUnitTest
LogPluginManager: Mounting plugin NUTUnrealEngine4
LogPluginManager: Mounting plugin OnlineSubsystemGooglePlay
LogPluginManager: Mounting plugin OnlineSubsystemIOS
LogPluginManager: Mounting plugin OnlineSubsystem
LogPluginManager: Mounting plugin OnlineSubsystemNull
LogPluginManager: Mounting plugin OnlineSubsystemUtils
LogPluginManager: Mounting plugin LauncherChunkInstaller
LogPluginManager: Mounting plugin AndroidDeviceProfileSelector
LogPluginManager: Mounting plugin AndroidMoviePlayer
LogPluginManager: Mounting plugin AndroidPermission
LogPluginManager: Mounting plugin AppleImageUtils
LogPluginManager: Mounting plugin AppleMoviePlayer
LogPluginManager: Mounting plugin ArchVisCharacter
LogPluginManager: Mounting plugin AudioCapture
LogPluginManager: Mounting plugin CableComponent
LogPluginManager: Mounting plugin CustomMeshComponent
LogPluginManager: Mounting plugin EditableMesh
LogPluginManager: Mounting plugin ExampleDeviceProfileSelector
LogPluginManager: Mounting plugin GoogleCloudMessaging
LogPluginManager: Mounting plugin IOSDeviceProfileSelector
LogPluginManager: Mounting plugin LinuxDeviceProfileSelector
LogPluginManager: Mounting plugin LocationServicesBPLibrary
LogPluginManager: Mounting plugin MobilePatchingUtils
LogPluginManager: Mounting plugin OculusVR
LogPluginManager: Mounting plugin PhysXVehicles
LogPluginManager: Mounting plugin ProceduralMeshComponent
LogPluginManager: Mounting plugin RuntimePhysXCooking
LogPluginManager: Mounting plugin SignificanceManager
LogPluginManager: Mounting plugin SteamVR
LogPluginManager: Mounting plugin WebMMoviePlayer
LogPluginManager: Mounting plugin WindowsMoviePlayer
LogPluginManager: Mounting plugin ScreenshotTools
LogInit: Using libcurl 7.55.1-DEV
LogInit:  - built for x86_64-pc-win32
LogInit:  - supports SSL with OpenSSL/1.1.1
LogInit:  - supports HTTP deflate (compression) using libz 1.2.8
LogInit:  - other features:
LogInit:      CURL_VERSION_SSL
LogInit:      CURL_VERSION_LIBZ
LogInit:      CURL_VERSION_IPV6
LogInit:      CURL_VERSION_ASYNCHDNS
LogInit:      CURL_VERSION_LARGEFILE
LogInit:      CURL_VERSION_IDN
LogInit:  CurlRequestOptions (configurable via config and command line):
LogInit:  - bVerifyPeer = true  - Libcurl will verify peer certificate
LogInit:  - bUseHttpProxy = false  - Libcurl will NOT use HTTP proxy
LogInit:  - bDontReuseConnections = false  - Libcurl will reuse connections
LogInit:  - MaxHostConnections = 16  - Libcurl will limit the number of connections to a host
LogInit:  - LocalHostAddr = Default
LogInit:  - BufferSize = 65536
LogOnline: OSS: Creating online subsystem instance for: NULL
LogInit: WinSock: version 1.1 (2.2), MaxSocks=32767, MaxUdp=65467
LogInit: Build: ++UE4+Release-4.23-CL-9631420
LogInit: Engine Version: 4.23.1-9631420+++UE4+Release-4.23
LogInit: Compatible Engine Version: 4.23.0-8386587+++UE4+Release-4.23
LogInit: Net CL: 8386587
LogInit: OS: Windows 10 (Release 1909) (), CPU: AMD Ryzen 5 2600X Six-Core Processor           , GPU: NVIDIA GeForce GTX 1070 Ti
LogInit: Compiled (64-bit): Oct 18 2019 02:07:44
LogInit: Compiled with Visual C++: 19.16.27030.01
LogInit: Build Configuration: Development
LogInit: Branch Name: ++UE4+Release-4.23
LogInit: Command Line: 
LogInit: Base Directory: E:/Program Files/Epic Games/UE_4.23/Engine/Binaries/Win64/
LogInit: Installed Engine Build: 1
LogDevObjectVersion: Number of dev versions registered: 23
LogDevObjectVersion:   Dev-Blueprints (B0D832E4-1F89-4F0D-ACCF-7EB736FD4AA2): 10
LogDevObjectVersion:   Dev-Build (E1C64328-A22C-4D53-A36C-8E866417BD8C): 0
LogDevObjectVersion:   Dev-Core (375EC13C-06E4-48FB-B500-84F0262A717E): 3
LogDevObjectVersion:   Dev-Editor (E4B068ED-F494-42E9-A231-DA0B2E46BB41): 34
LogDevObjectVersion:   Dev-Framework (CFFC743F-43B0-4480-9391-14DF171D2073): 35
LogDevObjectVersion:   Dev-Mobile (B02B49B5-BB20-44E9-A304-32B752E40360): 2
LogDevObjectVersion:   Dev-Networking (A4E4105C-59A1-49B5-A7C5-40C4547EDFEE): 0
LogDevObjectVersion:   Dev-Online (39C831C9-5AE6-47DC-9A44-9C173E1C8E7C): 0
LogDevObjectVersion:   Dev-Physics (78F01B33-EBEA-4F98-B9B4-84EACCB95AA2): 0
LogDevObjectVersion:   Dev-Platform (6631380F-2D4D-43E0-8009-CF276956A95A): 0
LogDevObjectVersion:   Dev-Rendering (12F88B9F-8875-4AFC-A67C-D90C383ABD29): 31
LogDevObjectVersion:   Dev-Sequencer (7B5AE74C-D270-4C10-A958-57980B212A5A): 11
LogDevObjectVersion:   Dev-VR (D7296918-1DD6-4BDD-9DE2-64A83CC13884): 2
LogDevObjectVersion:   Dev-LoadTimes (C2A15278-BFE7-4AFE-6C17-90FF531DF755): 1
LogDevObjectVersion:   Private-Geometry (6EACA3D4-40EC-4CC1-B786-8BED09428FC5): 3
LogDevObjectVersion:   Dev-AnimPhys (29E575DD-E0A3-4627-9D10-D276232CDCEA): 17
LogDevObjectVersion:   Dev-Anim (AF43A65D-7FD3-4947-9873-3E8ED9C1BB05): 2
LogDevObjectVersion:   Dev-ReflectionCapture (6B266CEC-1EC7-4B8F-A30B-E4D90942FC07): 1
LogDevObjectVersion:   Dev-Automation (0DF73D61-A23F-47EA-B727-89E90C41499A): 1
LogDevObjectVersion:   FortniteMain (601D1886-AC64-4F84-AA16-D3DE0DEAC7D6): 27
LogDevObjectVersion:   Dev-Enterprise (9DFFBCD6-494F-0158-E221-12823C92A888): 6
LogDevObjectVersion:   Dev-Niagara (F2AED0AC-9AFE-416F-8664-AA7FFA26D6FC): 1
LogDevObjectVersion:   Dev-Destruction (174F1F0B-B4C6-45A5-B13F-2EE8D0FB917D): 9
LogInit: Presizing for max 16777216 objects, including 0 objects not considered by GC, pre-allocating 0 bytes for permanent pool.
LogInit: Object subsystem initialized
LogConfig: Setting CVar [[con.DebugEarlyDefault:1]]
LogConfig: Setting CVar [[r.setres:1280x720]]
[2020.02.18-11.48.12:133][  0]LogConfig: Setting CVar [[r.VSync:0]]
[2020.02.18-11.48.12:133][  0]LogConfig: Setting CVar [[r.RHICmdBypass:0]]
[2020.02.18-11.48.12:133][  0]LogConfig: Applying CVar settings from Section [/Script/Engine.RendererSettings] File [F:/projects/Unreal Projects/EpicMegaGameJam2019/LOST_IN_THE_FOREST/Saved/Config/Windows/Engine.ini]
[2020.02.18-11.48.12:133][  0]LogConfig: Setting CVar [[r.GPUCrashDebugging:0]]
[2020.02.18-11.48.12:133][  0]LogConfig: Setting CVar [[r.DefaultFeature.AutoExposure.ExtendDefaultLuminanceRange:1]]
[2020.02.18-11.48.12:133][  0]LogConfig: Setting CVar [[r.DefaultFeature.AutoExposure:0]]
[2020.02.18-11.48.12:133][  0]LogConfig: Applying CVar settings from Section [/Script/Engine.RendererOverrideSettings] File [F:/projects/Unreal Projects/EpicMegaGameJam2019/LOST_IN_THE_FOREST/Saved/Config/Windows/Engine.ini]
[2020.02.18-11.48.12:133][  0]LogConfig: Applying CVar settings from Section [/Script/Engine.StreamingSettings] File [F:/projects/Unreal Projects/EpicMegaGameJam2019/LOST_IN_THE_FOREST/Saved/Config/Windows/Engine.ini]
[2020.02.18-11.48.12:133][  0]LogConfig: Setting CVar [[s.MinBulkDataSizeForAsyncLoading:131072]]
[2020.02.18-11.48.12:133][  0]LogConfig: Setting CVar [[s.AsyncLoadingThreadEnabled:0]]
[2020.02.18-11.48.12:133][  0]LogConfig: Setting CVar [[s.EventDrivenLoaderEnabled:1]]
[2020.02.18-11.48.12:133][  0]LogConfig: Setting CVar [[s.WarnIfTimeLimitExceeded:0]]
[2020.02.18-11.48.12:133][  0]LogConfig: Setting CVar [[s.TimeLimitExceededMultiplier:1.5]]
[2020.02.18-11.48.12:133][  0]LogConfig: Setting CVar [[s.TimeLimitExceededMinTime:0.005]]
[2020.02.18-11.48.12:133][  0]LogConfig: Setting CVar [[s.UseBackgroundLevelStreaming:1]]
[2020.02.18-11.48.12:133][  0]LogConfig: Setting CVar [[s.PriorityAsyncLoadingExtraTime:15.0]]
[2020.02.18-11.48.12:133][  0]LogConfig: Setting CVar [[s.LevelStreamingActorsUpdateTimeLimit:5.0]]
[2020.02.18-11.48.12:133][  0]LogConfig: Setting CVar [[s.PriorityLevelStreamingActorsUpdateExtraTime:5.0]]
[2020.02.18-11.48.12:133][  0]LogConfig: Setting CVar [[s.LevelStreamingComponentsRegistrationGranularity:10]]
[2020.02.18-11.48.12:133][  0]LogConfig: Setting CVar [[s.UnregisterComponentsTimeLimit:1.0]]
[2020.02.18-11.48.12:133][  0]LogConfig: Setting CVar [[s.LevelStreamingComponentsUnregistrationGranularity:5]]
[2020.02.18-11.48.12:133][  0]LogConfig: Applying CVar settings from Section [/Script/Engine.GarbageCollectionSettings] File [F:/projects/Unreal Projects/EpicMegaGameJam2019/LOST_IN_THE_FOREST/Saved/Config/Windows/Engine.ini]
[2020.02.18-11.48.12:133][  0]LogConfig: Setting CVar [[gc.MaxObjectsNotConsideredByGC:1]]
[2020.02.18-11.48.12:133][  0]LogConfig: Setting CVar [[gc.SizeOfPermanentObjectPool:0]]
[2020.02.18-11.48.12:133][  0]LogConfig: Setting CVar [[gc.FlushStreamingOnGC:0]]
[2020.02.18-11.48.12:133][  0]LogConfig: Setting CVar [[gc.NumRetriesBeforeForcingGC:10]]
[2020.02.18-11.48.12:133][  0]LogConfig: Setting CVar [[gc.AllowParallelGC:1]]
[2020.02.18-11.48.12:133][  0]LogConfig: Setting CVar [[gc.TimeBetweenPurgingPendingKillObjects:61.1]]
[2020.02.18-11.48.12:133][  0]LogConfig: Setting CVar [[gc.MaxObjectsInEditor:16777216]]
[2020.02.18-11.48.12:133][  0]LogConfig: Setting CVar [[gc.IncrementalBeginDestroyEnabled:1]]
[2020.02.18-11.48.12:133][  0]LogConfig: Setting CVar [[gc.CreateGCClusters:1]]
[2020.02.18-11.48.12:133][  0]LogConfig: Setting CVar [[gc.MinGCClusterSize:5]]
[2020.02.18-11.48.12:133][  0]LogConfig: Setting CVar [[gc.ActorClusteringEnabled:0]]
[2020.02.18-11.48.12:133][  0]LogConfig: Setting CVar [[gc.BlueprintClusteringEnabled:0]]
[2020.02.18-11.48.12:133][  0]LogConfig: Setting CVar [[gc.UseDisregardForGCOnDedicatedServers:0]]
[2020.02.18-11.48.12:133][  0]LogConfig: Applying CVar settings from Section [/Script/Engine.NetworkSettings] File [F:/projects/Unreal Projects/EpicMegaGameJam2019/LOST_IN_THE_FOREST/Saved/Config/Windows/Engine.ini]
[2020.02.18-11.48.12:133][  0]LogConfig: Applying CVar settings from Section [/Script/UnrealEd.CookerSettings] File [F:/projects/Unreal Projects/EpicMegaGameJam2019/LOST_IN_THE_FOREST/Saved/Config/Windows/Engine.ini]
[2020.02.18-11.48.12:137][  0]LogConfig: Applying CVar settings from Section [ViewDistanceQuality@3] File [F:/projects/Unreal Projects/EpicMegaGameJam2019/LOST_IN_THE_FOREST/Saved/Config/Windows/Scalability.ini]
[2020.02.18-11.48.12:137][  0]LogConfig: Setting CVar [[r.SkeletalMeshLODBias:0]]
[2020.02.18-11.48.12:137][  0]LogConfig: Setting CVar [[r.ViewDistanceScale:1.0]]
[2020.02.18-11.48.12:137][  0]LogConfig: Applying CVar settings from Section [AntiAliasingQuality@3] File [F:/projects/Unreal Projects/EpicMegaGameJam2019/LOST_IN_THE_FOREST/Saved/Config/Windows/Scalability.ini]
[2020.02.18-11.48.12:137][  0]LogConfig: Setting CVar [[r.PostProcessAAQuality:4]]
[2020.02.18-11.48.12:137][  0]LogConfig: Applying CVar settings from Section [ShadowQuality@3] File [F:/projects/Unreal Projects/EpicMegaGameJam2019/LOST_IN_THE_FOREST/Saved/Config/Windows/Scalability.ini]
[2020.02.18-11.48.12:137][  0]LogConfig: Setting CVar [[r.LightFunctionQuality:1]]
[2020.02.18-11.48.12:137][  0]LogConfig: Setting CVar [[r.ShadowQuality:5]]
[2020.02.18-11.48.12:137][  0]LogConfig: Setting CVar [[r.Shadow.CSM.MaxCascades:10]]
[2020.02.18-11.48.12:137][  0]LogConfig: Setting CVar [[r.Shadow.MaxResolution:2048]]
[2020.02.18-11.48.12:137][  0]LogConfig: Setting CVar [[r.Shadow.MaxCSMResolution:2048]]
[2020.02.18-11.48.12:137][  0]LogConfig: Setting CVar [[r.Shadow.RadiusThreshold:0.01]]
[2020.02.18-11.48.12:137][  0]LogConfig: Setting CVar [[r.Shadow.DistanceScale:1.0]]
[2020.02.18-11.48.12:137][  0]LogConfig: Setting CVar [[r.Shadow.CSM.TransitionScale:1.0]]
[2020.02.18-11.48.12:138][  0]LogConfig: Setting CVar [[r.Shadow.PreShadowResolutionFactor:1.0]]
[2020.02.18-11.48.12:138][  0]LogConfig: Setting CVar [[r.DistanceFieldShadowing:1]]
[2020.02.18-11.48.12:138][  0]LogConfig: Setting CVar [[r.DistanceFieldAO:1]]
[2020.02.18-11.48.12:138][  0]LogConfig: Setting CVar [[r.AOQuality:2]]
[2020.02.18-11.48.12:138][  0]LogConfig: Setting CVar [[r.VolumetricFog:1]]
[2020.02.18-11.48.12:138][  0]LogConfig: Setting CVar [[r.VolumetricFog.GridPixelSize:8]]
[2020.02.18-11.48.12:138][  0]LogConfig: Setting CVar [[r.VolumetricFog.GridSizeZ:128]]
[2020.02.18-11.48.12:138][  0]LogConfig: Setting CVar [[r.VolumetricFog.HistoryMissSupersampleCount:4]]
[2020.02.18-11.48.12:138][  0]LogConfig: Setting CVar [[r.LightMaxDrawDistanceScale:1]]
[2020.02.18-11.48.12:138][  0]LogConfig: Setting CVar [[r.CapsuleShadows:1]]
[2020.02.18-11.48.12:138][  0]LogConfig: Applying CVar settings from Section [PostProcessQuality@3] File [F:/projects/Unreal Projects/EpicMegaGameJam2019/LOST_IN_THE_FOREST/Saved/Config/Windows/Scalability.ini]
[2020.02.18-11.48.12:138][  0]LogConfig: Setting CVar [[r.MotionBlurQuality:4]]
[2020.02.18-11.48.12:138][  0]LogConfig: Setting CVar [[r.AmbientOcclusionMipLevelFactor:0.4]]
[2020.02.18-11.48.12:138][  0]LogConfig: Setting CVar [[r.AmbientOcclusionMaxQuality:100]]
[2020.02.18-11.48.12:138][  0]LogConfig: Setting CVar [[r.AmbientOcclusionLevels:-1]]
[2020.02.18-11.48.12:138][  0]LogConfig: Setting CVar [[r.AmbientOcclusionRadiusScale:1.0]]
[2020.02.18-11.48.12:138][  0]LogConfig: Setting CVar [[r.DepthOfFieldQuality:2]]
[2020.02.18-11.48.12:138][  0]LogConfig: Setting CVar [[r.RenderTargetPoolMin:400]]
[2020.02.18-11.48.12:138][  0]LogConfig: Setting CVar [[r.LensFlareQuality:2]]
[2020.02.18-11.48.12:138][  0]LogConfig: Setting CVar [[r.SceneColorFringeQuality:1]]
[2020.02.18-11.48.12:138][  0]LogConfig: Setting CVar [[r.EyeAdaptationQuality:2]]
[2020.02.18-11.48.12:138][  0]LogConfig: Setting CVar [[r.BloomQuality:5]]
[2020.02.18-11.48.12:138][  0]LogConfig: Setting CVar [[r.FastBlurThreshold:100]]
[2020.02.18-11.48.12:138][  0]LogConfig: Setting CVar [[r.Upscale.Quality:3]]
[2020.02.18-11.48.12:138][  0]LogConfig: Setting CVar [[r.Tonemapper.GrainQuantization:1]]
[2020.02.18-11.48.12:138][  0]LogConfig: Setting CVar [[r.LightShaftQuality:1]]
[2020.02.18-11.48.12:138][  0]LogConfig: Setting CVar [[r.Filter.SizeScale:1]]
[2020.02.18-11.48.12:138][  0]LogConfig: Setting CVar [[r.Tonemapper.Quality:5]]
[2020.02.18-11.48.12:138][  0]LogConfig: Setting CVar [[r.DOF.Gather.AccumulatorQuality:1        ; higher gathering accumulator quality]]
[2020.02.18-11.48.12:138][  0]LogConfig: Setting CVar [[r.DOF.Gather.PostfilterMethod:1          ; Median3x3 postfilering method]]
[2020.02.18-11.48.12:138][  0]LogConfig: Setting CVar [[r.DOF.Gather.EnableBokehSettings:0       ; no bokeh simulation when gathering]]
[2020.02.18-11.48.12:138][  0]LogConfig: Setting CVar [[r.DOF.Gather.RingCount:4                 ; medium number of samples when gathering]]
[2020.02.18-11.48.12:138][  0]LogConfig: Setting CVar [[r.DOF.Scatter.ForegroundCompositing:1    ; additive foreground scattering]]
[2020.02.18-11.48.12:138][  0]LogConfig: Setting CVar [[r.DOF.Scatter.BackgroundCompositing:2    ; additive background scattering]]
[2020.02.18-11.48.12:138][  0]LogConfig: Setting CVar [[r.DOF.Scatter.EnableBokehSettings:1      ; bokeh simulation when scattering]]
[2020.02.18-11.48.12:138][  0]LogConfig: Setting CVar [[r.DOF.Scatter.MaxSpriteRatio:0.1         ; only a maximum of 10% of scattered bokeh]]
[2020.02.18-11.48.12:138][  0]LogConfig: Setting CVar [[r.DOF.Recombine.Quality:1                ; cheap slight out of focus]]
[2020.02.18-11.48.12:138][  0]LogConfig: Setting CVar [[r.DOF.Recombine.EnableBokehSettings:0    ; no bokeh simulation on slight out of focus]]
[2020.02.18-11.48.12:138][  0]LogConfig: Setting CVar [[r.DOF.TemporalAAQuality:1                ; more stable temporal accumulation]]
[2020.02.18-11.48.12:138][  0]LogConfig: Setting CVar [[r.DOF.Kernel.MaxForegroundRadius:0.025]]
[2020.02.18-11.48.12:138][  0]LogConfig: Setting CVar [[r.DOF.Kernel.MaxBackgroundRadius:0.025]]
[2020.02.18-11.48.12:138][  0]LogConfig: Applying CVar settings from Section [TextureQuality@3] File [F:/projects/Unreal Projects/EpicMegaGameJam2019/LOST_IN_THE_FOREST/Saved/Config/Windows/Scalability.ini]
[2020.02.18-11.48.12:138][  0]LogConfig: Setting CVar [[r.Streaming.MipBias:0]]
[2020.02.18-11.48.12:138][  0]LogConfig: Setting CVar [[r.Streaming.AmortizeCPUToGPUCopy:0]]
[2020.02.18-11.48.12:138][  0]LogConfig: Setting CVar [[r.Streaming.MaxNumTexturesToStreamPerFrame:0]]
[2020.02.18-11.48.12:138][  0]LogConfig: Setting CVar [[r.Streaming.Boost:1]]
[2020.02.18-11.48.12:138][  0]LogConfig: Setting CVar [[r.MaxAnisotropy:8]]
[2020.02.18-11.48.12:138][  0]LogConfig: Setting CVar [[r.Streaming.LimitPoolSizeToVRAM:0]]
[2020.02.18-11.48.12:138][  0]LogConfig: Setting CVar [[r.Streaming.PoolSize:1000]]
[2020.02.18-11.48.12:138][  0]LogConfig: Setting CVar [[r.Streaming.MaxEffectiveScreenSize:0]]
[2020.02.18-11.48.12:138][  0]LogConfig: Applying CVar settings from Section [EffectsQuality@3] File [F:/projects/Unreal Projects/EpicMegaGameJam2019/LOST_IN_THE_FOREST/Saved/Config/Windows/Scalability.ini]
[2020.02.18-11.48.12:138][  0]LogConfig: Setting CVar [[r.TranslucencyLightingVolumeDim:64]]
[2020.02.18-11.48.12:138][  0]LogConfig: Setting CVar [[r.RefractionQuality:2]]
[2020.02.18-11.48.12:138][  0]LogConfig: Setting CVar [[r.SSR.Quality:3]]
[2020.02.18-11.48.12:138][  0]LogConfig: Setting CVar [[r.SceneColorFormat:4]]
[2020.02.18-11.48.12:138][  0]LogConfig: Setting CVar [[r.DetailMode:2]]
[2020.02.18-11.48.12:138][  0]LogConfig: Setting CVar [[r.TranslucencyVolumeBlur:1]]
[2020.02.18-11.48.12:138][  0]LogConfig: Setting CVar [[r.MaterialQualityLevel:1 ; High quality]]
[2020.02.18-11.48.12:138][  0]LogConfig: Setting CVar [[r.SSS.Scale:1]]
[2020.02.18-11.48.12:138][  0]LogConfig: Setting CVar [[r.SSS.SampleSet:2]]
[2020.02.18-11.48.12:138][  0]LogConfig: Setting CVar [[r.SSS.Quality:1]]
[2020.02.18-11.48.12:138][  0]LogConfig: Setting CVar [[r.SSS.HalfRes:1]]
[2020.02.18-11.48.12:138][  0]LogConfig: Setting CVar [[r.EmitterSpawnRateScale:1.0]]
[2020.02.18-11.48.12:138][  0]LogConfig: Setting CVar [[r.ParticleLightQuality:2]]
[2020.02.18-11.48.12:138][  0]LogConfig: Applying CVar settings from Section [FoliageQuality@3] File [F:/projects/Unreal Projects/EpicMegaGameJam2019/LOST_IN_THE_FOREST/Saved/Config/Windows/Scalability.ini]
[2020.02.18-11.48.12:138][  0]LogConfig: Setting CVar [[foliage.DensityScale:1.0]]
[2020.02.18-11.48.12:138][  0]LogConfig: Setting CVar [[grass.DensityScale:1.0]]
[2020.02.18-11.48.12:138][  0]LogInit: Selected Device Profile: [Windows]
[2020.02.18-11.48.12:138][  0]LogInit: Applying CVar settings loaded from the selected device profile: [Windows]
[2020.02.18-11.48.12:141][  0]LogHAL: Display: Platform has ~ 16 GB [17111523328 / 17179869184 / 16], which maps to Larger [LargestMinGB=32, LargerMinGB=12, DefaultMinGB=8, SmallerMinGB=6, SmallestMinGB=0)
[2020.02.18-11.48.12:141][  0]LogInit: Going up to parent DeviceProfile []
[2020.02.18-11.48.12:141][  0]LogConfig: Applying CVar settings from Section [ViewDistanceQuality@3] File [F:/projects/Unreal Projects/EpicMegaGameJam2019/LOST_IN_THE_FOREST/Saved/Config/Windows/Scalability.ini]
[2020.02.18-11.48.12:141][  0]LogConfig: Setting CVar [[r.SkeletalMeshLODBias:0]]
[2020.02.18-11.48.12:141][  0]LogConfig: Setting CVar [[r.ViewDistanceScale:1.0]]
[2020.02.18-11.48.12:141][  0]LogConfig: Applying CVar settings from Section [AntiAliasingQuality@3] File [F:/projects/Unreal Projects/EpicMegaGameJam2019/LOST_IN_THE_FOREST/Saved/Config/Windows/Scalability.ini]
[2020.02.18-11.48.12:141][  0]LogConfig: Setting CVar [[r.PostProcessAAQuality:4]]
[2020.02.18-11.48.12:141][  0]LogConfig: Applying CVar settings from Section [ShadowQuality@3] File [F:/projects/Unreal Projects/EpicMegaGameJam2019/LOST_IN_THE_FOREST/Saved/Config/Windows/Scalability.ini]
[2020.02.18-11.48.12:141][  0]LogConfig: Setting CVar [[r.LightFunctionQuality:1]]
[2020.02.18-11.48.12:141][  0]LogConfig: Setting CVar [[r.ShadowQuality:5]]
[2020.02.18-11.48.12:141][  0]LogConfig: Setting CVar [[r.Shadow.CSM.MaxCascades:10]]
[2020.02.18-11.48.12:141][  0]LogConfig: Setting CVar [[r.Shadow.MaxResolution:2048]]
[2020.02.18-11.48.12:141][  0]LogConfig: Setting CVar [[r.Shadow.MaxCSMResolution:2048]]
[2020.02.18-11.48.12:141][  0]LogConfig: Setting CVar [[r.Shadow.RadiusThreshold:0.01]]
[2020.02.18-11.48.12:142][  0]LogConfig: Setting CVar [[r.Shadow.DistanceScale:1.0]]
[2020.02.18-11.48.12:142][  0]LogConfig: Setting CVar [[r.Shadow.CSM.TransitionScale:1.0]]
[2020.02.18-11.48.12:142][  0]LogConfig: Setting CVar [[r.Shadow.PreShadowResolutionFactor:1.0]]
[2020.02.18-11.48.12:142][  0]LogConfig: Setting CVar [[r.DistanceFieldShadowing:1]]
[2020.02.18-11.48.12:142][  0]LogConfig: Setting CVar [[r.DistanceFieldAO:1]]
[2020.02.18-11.48.12:142][  0]LogConfig: Setting CVar [[r.AOQuality:2]]
[2020.02.18-11.48.12:142][  0]LogConfig: Setting CVar [[r.VolumetricFog:1]]
[2020.02.18-11.48.12:142][  0]LogConfig: Setting CVar [[r.VolumetricFog.GridPixelSize:8]]
[2020.02.18-11.48.12:142][  0]LogConfig: Setting CVar [[r.VolumetricFog.GridSizeZ:128]]
[2020.02.18-11.48.12:142][  0]LogConfig: Setting CVar [[r.VolumetricFog.HistoryMissSupersampleCount:4]]
[2020.02.18-11.48.12:142][  0]LogConfig: Setting CVar [[r.LightMaxDrawDistanceScale:1]]
[2020.02.18-11.48.12:142][  0]LogConfig: Setting CVar [[r.CapsuleShadows:1]]
[2020.02.18-11.48.12:142][  0]LogConfig: Applying CVar settings from Section [PostProcessQuality@3] File [F:/projects/Unreal Projects/EpicMegaGameJam2019/LOST_IN_THE_FOREST/Saved/Config/Windows/Scalability.ini]
[2020.02.18-11.48.12:142][  0]LogConfig: Setting CVar [[r.MotionBlurQuality:4]]
[2020.02.18-11.48.12:142][  0]LogConfig: Setting CVar [[r.AmbientOcclusionMipLevelFactor:0.4]]
[2020.02.18-11.48.12:142][  0]LogConfig: Setting CVar [[r.AmbientOcclusionMaxQuality:100]]
[2020.02.18-11.48.12:142][  0]LogConfig: Setting CVar [[r.AmbientOcclusionLevels:-1]]
[2020.02.18-11.48.12:142][  0]LogConfig: Setting CVar [[r.AmbientOcclusionRadiusScale:1.0]]
[2020.02.18-11.48.12:142][  0]LogConfig: Setting CVar [[r.DepthOfFieldQuality:2]]
[2020.02.18-11.48.12:142][  0]LogConfig: Setting CVar [[r.RenderTargetPoolMin:400]]
[2020.02.18-11.48.12:142][  0]LogConfig: Setting CVar [[r.LensFlareQuality:2]]
[2020.02.18-11.48.12:142][  0]LogConfig: Setting CVar [[r.SceneColorFringeQuality:1]]
[2020.02.18-11.48.12:142][  0]LogConfig: Setting CVar [[r.EyeAdaptationQuality:2]]
[2020.02.18-11.48.12:142][  0]LogConfig: Setting CVar [[r.BloomQuality:5]]
[2020.02.18-11.48.12:142][  0]LogConfig: Setting CVar [[r.FastBlurThreshold:100]]
[2020.02.18-11.48.12:142][  0]LogConfig: Setting CVar [[r.Upscale.Quality:3]]
[2020.02.18-11.48.12:142][  0]LogConfig: Setting CVar [[r.Tonemapper.GrainQuantization:1]]
[2020.02.18-11.48.12:142][  0]LogConfig: Setting CVar [[r.LightShaftQuality:1]]
[2020.02.18-11.48.12:142][  0]LogConfig: Setting CVar [[r.Filter.SizeScale:1]]
[2020.02.18-11.48.12:142][  0]LogConfig: Setting CVar [[r.Tonemapper.Quality:5]]
[2020.02.18-11.48.12:142][  0]LogConfig: Setting CVar [[r.DOF.Gather.AccumulatorQuality:1        ; higher gathering accumulator quality]]
[2020.02.18-11.48.12:142][  0]LogConfig: Setting CVar [[r.DOF.Gather.PostfilterMethod:1          ; Median3x3 postfilering method]]
[2020.02.18-11.48.12:142][  0]LogConfig: Setting CVar [[r.DOF.Gather.EnableBokehSettings:0       ; no bokeh simulation when gathering]]
[2020.02.18-11.48.12:142][  0]LogConfig: Setting CVar [[r.DOF.Gather.RingCount:4                 ; medium number of samples when gathering]]
[2020.02.18-11.48.12:142][  0]LogConfig: Setting CVar [[r.DOF.Scatter.ForegroundCompositing:1    ; additive foreground scattering]]
[2020.02.18-11.48.12:142][  0]LogConfig: Setting CVar [[r.DOF.Scatter.BackgroundCompositing:2    ; additive background scattering]]
[2020.02.18-11.48.12:142][  0]LogConfig: Setting CVar [[r.DOF.Scatter.EnableBokehSettings:1      ; bokeh simulation when scattering]]
[2020.02.18-11.48.12:142][  0]LogConfig: Setting CVar [[r.DOF.Scatter.MaxSpriteRatio:0.1         ; only a maximum of 10% of scattered bokeh]]
[2020.02.18-11.48.12:142][  0]LogConfig: Setting CVar [[r.DOF.Recombine.Quality:1                ; cheap slight out of focus]]
[2020.02.18-11.48.12:142][  0]LogConfig: Setting CVar [[r.DOF.Recombine.EnableBokehSettings:0    ; no bokeh simulation on slight out of focus]]
[2020.02.18-11.48.12:142][  0]LogConfig: Setting CVar [[r.DOF.TemporalAAQuality:1                ; more stable temporal accumulation]]
[2020.02.18-11.48.12:142][  0]LogConfig: Setting CVar [[r.DOF.Kernel.MaxForegroundRadius:0.025]]
[2020.02.18-11.48.12:142][  0]LogConfig: Setting CVar [[r.DOF.Kernel.MaxBackgroundRadius:0.025]]
[2020.02.18-11.48.12:142][  0]LogConfig: Applying CVar settings from Section [TextureQuality@3] File [F:/projects/Unreal Projects/EpicMegaGameJam2019/LOST_IN_THE_FOREST/Saved/Config/Windows/Scalability.ini]
[2020.02.18-11.48.12:142][  0]LogConfig: Setting CVar [[r.Streaming.MipBias:0]]
[2020.02.18-11.48.12:142][  0]LogConfig: Setting CVar [[r.Streaming.AmortizeCPUToGPUCopy:0]]
[2020.02.18-11.48.12:142][  0]LogConfig: Setting CVar [[r.Streaming.MaxNumTexturesToStreamPerFrame:0]]
[2020.02.18-11.48.12:142][  0]LogConfig: Setting CVar [[r.Streaming.Boost:1]]
[2020.02.18-11.48.12:142][  0]LogConfig: Setting CVar [[r.MaxAnisotropy:8]]
[2020.02.18-11.48.12:142][  0]LogConfig: Setting CVar [[r.Streaming.LimitPoolSizeToVRAM:0]]
[2020.02.18-11.48.12:142][  0]LogConfig: Setting CVar [[r.Streaming.PoolSize:1000]]
[2020.02.18-11.48.12:142][  0]LogConfig: Setting CVar [[r.Streaming.MaxEffectiveScreenSize:0]]
[2020.02.18-11.48.12:142][  0]LogConfig: Applying CVar settings from Section [EffectsQuality@3] File [F:/projects/Unreal Projects/EpicMegaGameJam2019/LOST_IN_THE_FOREST/Saved/Config/Windows/Scalability.ini]
[2020.02.18-11.48.12:142][  0]LogConfig: Setting CVar [[r.TranslucencyLightingVolumeDim:64]]
[2020.02.18-11.48.12:142][  0]LogConfig: Setting CVar [[r.RefractionQuality:2]]
[2020.02.18-11.48.12:142][  0]LogConfig: Setting CVar [[r.SSR.Quality:3]]
[2020.02.18-11.48.12:142][  0]LogConfig: Setting CVar [[r.SceneColorFormat:4]]
[2020.02.18-11.48.12:142][  0]LogConfig: Setting CVar [[r.DetailMode:2]]
[2020.02.18-11.48.12:142][  0]LogConfig: Setting CVar [[r.TranslucencyVolumeBlur:1]]
[2020.02.18-11.48.12:142][  0]LogConfig: Setting CVar [[r.MaterialQualityLevel:1 ; High quality]]
[2020.02.18-11.48.12:142][  0]LogConfig: Setting CVar [[r.SSS.Scale:1]]
[2020.02.18-11.48.12:142][  0]LogConfig: Setting CVar [[r.SSS.SampleSet:2]]
[2020.02.18-11.48.12:142][  0]LogConfig: Setting CVar [[r.SSS.Quality:1]]
[2020.02.18-11.48.12:142][  0]LogConfig: Setting CVar [[r.SSS.HalfRes:1]]
[2020.02.18-11.48.12:142][  0]LogConfig: Setting CVar [[r.EmitterSpawnRateScale:1.0]]
[2020.02.18-11.48.12:142][  0]LogConfig: Setting CVar [[r.ParticleLightQuality:2]]
[2020.02.18-11.48.12:142][  0]LogConfig: Applying CVar settings from Section [FoliageQuality@3] File [F:/projects/Unreal Projects/EpicMegaGameJam2019/LOST_IN_THE_FOREST/Saved/Config/Windows/Scalability.ini]
[2020.02.18-11.48.12:142][  0]LogConfig: Setting CVar [[foliage.DensityScale:1.0]]
[2020.02.18-11.48.12:142][  0]LogConfig: Setting CVar [[grass.DensityScale:1.0]]
[2020.02.18-11.48.12:142][  0]LogConfig: Applying CVar settings from Section [Startup] File [../../../Engine/Config/ConsoleVariables.ini]
[2020.02.18-11.48.12:143][  0]LogConfig: Setting CVar [[net.UseAdaptiveNetUpdateFrequency:0]]
[2020.02.18-11.48.12:143][  0]LogConfig: Setting CVar [[p.chaos.AllowCreatePhysxBodies:1]]
[2020.02.18-11.48.12:143][  0]LogConfig: Applying CVar settings from Section [ConsoleVariables] File [F:/projects/Unreal Projects/EpicMegaGameJam2019/LOST_IN_THE_FOREST/Saved/Config/Windows/Engine.ini]
[2020.02.18-11.48.12:143][  0]LogInit: Computer: DESKTOP-DF6LPLM
[2020.02.18-11.48.12:143][  0]LogInit: User: whaid
[2020.02.18-11.48.12:143][  0]LogInit: CPU Page size=4096, Cores=6
[2020.02.18-11.48.12:143][  0]LogInit: High frequency timer resolution =10.000000 MHz
[2020.02.18-11.48.12:143][  0]LogMemory: Memory total: Physical=15.9GB (16GB approx)
[2020.02.18-11.48.12:143][  0]LogMemory: Platform Memory Stats for Windows
[2020.02.18-11.48.12:143][  0]LogMemory: Process Physical Memory: 102.22 MB used, 102.22 MB peak
[2020.02.18-11.48.12:143][  0]LogMemory: Process Virtual Memory: 99.96 MB used, 99.96 MB peak
[2020.02.18-11.48.12:143][  0]LogMemory: Physical Memory: 6490.11 MB used,  9828.71 MB free, 16318.82 MB total
[2020.02.18-11.48.12:143][  0]LogMemory: Virtual Memory: 4685.12 MB used,  134213040.00 MB free, 134217728.00 MB total
[2020.02.18-11.48.12:145][  0]LogWindows: WindowsPlatformFeatures enabled
[2020.02.18-11.48.12:160][  0]LogInit: Using OS detected language (fr-FR).
[2020.02.18-11.48.12:160][  0]LogInit: Using OS detected locale (fr-FR).
[2020.02.18-11.48.12:161][  0]LogTextLocalizationManager: No specific localization for 'fr-FR' exists, so the 'fr' localization will be used.
[2020.02.18-11.48.12:161][  0]LogTextLocalizationResource: LocRes '../../../Engine/Content/Localization/Editor/fr/Editor.locres' could not be opened for reading!
[2020.02.18-11.48.12:161][  0]LogTextLocalizationResource: LocRes '../../../Engine/Content/Localization/EditorTutorials/fr/EditorTutorials.locres' could not be opened for reading!
[2020.02.18-11.48.12:161][  0]LogTextLocalizationResource: LocRes '../../../Engine/Content/Localization/Keywords/fr/Keywords.locres' could not be opened for reading!
[2020.02.18-11.48.12:161][  0]LogTextLocalizationResource: LocRes '../../../Engine/Content/Localization/Category/fr/Category.locres' could not be opened for reading!
[2020.02.18-11.48.12:161][  0]LogTextLocalizationResource: LocRes '../../../Engine/Content/Localization/ToolTips/fr/ToolTips.locres' could not be opened for reading!
[2020.02.18-11.48.12:161][  0]LogTextLocalizationResource: LocRes '../../../Engine/Content/Localization/PropertyNames/fr/PropertyNames.locres' could not be opened for reading!
[2020.02.18-11.48.12:161][  0]LogTextLocalizationResource: LocRes '../../../Engine/Content/Localization/Engine/fr/Engine.locres' could not be opened for reading!
[2020.02.18-11.48.12:162][  0]LogInit: Setting process to per monitor DPI aware
[2020.02.18-11.48.12:190][  0]LogSlate: New Slate User Created.  User Index 0, Is Virtual User: 0
[2020.02.18-11.48.12:190][  0]LogSlate: Slate User Registered.  User Index 0, Is Virtual User: 0
[2020.02.18-11.48.12:328][  0]LogHMD: Failed to initialize OpenVR with code 110
[2020.02.18-11.48.12:328][  0]LogD3D11RHI: D3D11 adapters:
[2020.02.18-11.48.12:390][  0]LogD3D11RHI:    0. 'NVIDIA GeForce GTX 1070 Ti' (Feature Level 11_0)
[2020.02.18-11.48.12:390][  0]LogD3D11RHI:       8079/0/8159 MB DedicatedVideo/DedicatedSystem/SharedSystem, Outputs:2, VendorId:0x10de
[2020.02.18-11.48.12:393][  0]LogD3D11RHI:    1. 'Microsoft Basic Render Driver' (Feature Level 11_0)
[2020.02.18-11.48.12:393][  0]LogD3D11RHI:       0/0/8159 MB DedicatedVideo/DedicatedSystem/SharedSystem, Outputs:0, VendorId:0x1414
[2020.02.18-11.48.12:393][  0]LogD3D11RHI: Chosen D3D11 Adapter: 0
[2020.02.18-11.48.12:401][  0]LogD3D11RHI: Creating new Direct3DDevice
[2020.02.18-11.48.12:402][  0]LogD3D11RHI:     GPU DeviceId: 0x1b82 (for the marketing name, search the web for "GPU Device Id")
[2020.02.18-11.48.12:402][  0]LogWindows: EnumDisplayDevices:
[2020.02.18-11.48.12:402][  0]LogWindows:    0. 'NVIDIA GeForce GTX 1070 Ti' (P:1 D:1)
[2020.02.18-11.48.12:402][  0]LogWindows:    1. 'NVIDIA GeForce GTX 1070 Ti' (P:0 D:1)
[2020.02.18-11.48.12:402][  0]LogWindows:    2. 'NVIDIA GeForce GTX 1070 Ti' (P:0 D:0)
[2020.02.18-11.48.12:402][  0]LogWindows:    3. 'NVIDIA GeForce GTX 1070 Ti' (P:0 D:0)
[2020.02.18-11.48.12:402][  0]LogWindows: DebugString: FoundDriverCount:4 
[2020.02.18-11.48.12:402][  0]LogD3D11RHI:     Adapter Name: NVIDIA GeForce GTX 1070 Ti
[2020.02.18-11.48.12:402][  0]LogD3D11RHI:   Driver Version: 442.19 (internal:26.21.14.4219, unified:442.19)
[2020.02.18-11.48.12:402][  0]LogD3D11RHI:      Driver Date: 1-29-2020
[2020.02.18-11.48.12:402][  0]LogRHI: Texture pool is 5655 MB (70% of 8079 MB)
[2020.02.18-11.48.12:447][  0]LogD3D11RHI: Async texture creation enabled
[2020.02.18-11.48.12:458][  0]LogD3D11RHI: GPU Timing Frequency: 1000.000000 (Debug: 2 1)
[2020.02.18-11.48.12:689][  0]LogTemp: Display: Module 'AllDesktopTargetPlatform' loaded TargetPlatform 'AllDesktop'
[2020.02.18-11.48.12:696][  0]LogTemp: Display: Module 'MacClientTargetPlatform' loaded TargetPlatform 'MacClient'
[2020.02.18-11.48.12:704][  0]LogTemp: Display: Module 'MacNoEditorTargetPlatform' loaded TargetPlatform 'MacNoEditor'
[2020.02.18-11.48.12:711][  0]LogTemp: Display: Module 'MacServerTargetPlatform' loaded TargetPlatform 'MacServer'
[2020.02.18-11.48.12:723][  0]LogTemp: Display: Module 'MacTargetPlatform' loaded TargetPlatform 'Mac'
[2020.02.18-11.48.12:730][  0]LogTemp: Display: Module 'WindowsClientTargetPlatform' loaded TargetPlatform 'WindowsClient'
[2020.02.18-11.48.12:738][  0]LogTemp: Display: Module 'WindowsNoEditorTargetPlatform' loaded TargetPlatform 'WindowsNoEditor'
[2020.02.18-11.48.12:745][  0]LogTemp: Display: Module 'WindowsServerTargetPlatform' loaded TargetPlatform 'WindowsServer'
[2020.02.18-11.48.12:748][  0]LogTemp: Display: Module 'WindowsTargetPlatform' loaded TargetPlatform 'Windows'
[2020.02.18-11.48.12:781][  0]LogTemp: Display: Module 'AndroidTargetPlatform' loaded TargetPlatform 'Android'
[2020.02.18-11.48.12:781][  0]LogTemp: Display: Module 'AndroidTargetPlatform' loaded TargetPlatform 'Android_ASTC'
[2020.02.18-11.48.12:781][  0]LogTemp: Display: Module 'AndroidTargetPlatform' loaded TargetPlatform 'Android_ATC'
[2020.02.18-11.48.12:781][  0]LogTemp: Display: Module 'AndroidTargetPlatform' loaded TargetPlatform 'Android_DXT'
[2020.02.18-11.48.12:781][  0]LogTemp: Display: Module 'AndroidTargetPlatform' loaded TargetPlatform 'Android_ETC1'
[2020.02.18-11.48.12:781][  0]LogTemp: Display: Module 'AndroidTargetPlatform' loaded TargetPlatform 'Android_ETC1a'
[2020.02.18-11.48.12:781][  0]LogTemp: Display: Module 'AndroidTargetPlatform' loaded TargetPlatform 'Android_ETC2'
[2020.02.18-11.48.12:781][  0]LogTemp: Display: Module 'AndroidTargetPlatform' loaded TargetPlatform 'Android_PVRTC'
[2020.02.18-11.48.12:781][  0]LogTemp: Display: Module 'AndroidTargetPlatform' loaded TargetPlatform 'AndroidClient'
[2020.02.18-11.48.12:781][  0]LogTemp: Display: Module 'AndroidTargetPlatform' loaded TargetPlatform 'Android_ASTCClient'
[2020.02.18-11.48.12:781][  0]LogTemp: Display: Module 'AndroidTargetPlatform' loaded TargetPlatform 'Android_ATCClient'
[2020.02.18-11.48.12:781][  0]LogTemp: Display: Module 'AndroidTargetPlatform' loaded TargetPlatform 'Android_DXTClient'
[2020.02.18-11.48.12:781][  0]LogTemp: Display: Module 'AndroidTargetPlatform' loaded TargetPlatform 'Android_ETC1Client'
[2020.02.18-11.48.12:781][  0]LogTemp: Display: Module 'AndroidTargetPlatform' loaded TargetPlatform 'Android_ETC1aClient'
[2020.02.18-11.48.12:781][  0]LogTemp: Display: Module 'AndroidTargetPlatform' loaded TargetPlatform 'Android_ETC2Client'
[2020.02.18-11.48.12:781][  0]LogTemp: Display: Module 'AndroidTargetPlatform' loaded TargetPlatform 'Android_PVRTCClient'
[2020.02.18-11.48.12:781][  0]LogTemp: Display: Module 'AndroidTargetPlatform' loaded TargetPlatform 'Android_Multi'
[2020.02.18-11.48.12:781][  0]LogTemp: Display: Module 'AndroidTargetPlatform' loaded TargetPlatform 'Android_MultiClient'
[2020.02.18-11.48.12:782][  0]LogTemp: Display: Module 'HTML5TargetPlatform' loaded TargetPlatform 'HTML5'
[2020.02.18-11.48.12:803][  0]LogTemp: Display: Module 'IOSTargetPlatform' loaded TargetPlatform 'IOSClient'
[2020.02.18-11.48.12:803][  0]LogTemp: Display: Module 'IOSTargetPlatform' loaded TargetPlatform 'IOS'
[2020.02.18-11.48.12:816][  0]LogTemp: Display: Module 'TVOSTargetPlatform' loaded TargetPlatform 'TVOSClient'
[2020.02.18-11.48.12:816][  0]LogTemp: Display: Module 'TVOSTargetPlatform' loaded TargetPlatform 'TVOS'
[2020.02.18-11.48.12:823][  0]LogTemp: Display: Module 'LinuxClientTargetPlatform' loaded TargetPlatform 'LinuxClient'
[2020.02.18-11.48.12:829][  0]LogTemp: Display: Module 'LinuxNoEditorTargetPlatform' loaded TargetPlatform 'LinuxNoEditor'
[2020.02.18-11.48.12:837][  0]LogTemp: Display: Module 'LinuxServerTargetPlatform' loaded TargetPlatform 'LinuxServer'
[2020.02.18-11.48.12:848][  0]LogTemp: Display: Module 'LinuxTargetPlatform' loaded TargetPlatform 'Linux'
[2020.02.18-11.48.12:871][  0]LogTemp: Display: Module 'LuminTargetPlatform' loaded TargetPlatform 'Lumin'
[2020.02.18-11.48.12:871][  0]LogTemp: Display: Module 'LuminTargetPlatform' loaded TargetPlatform 'LuminClient'
[2020.02.18-11.48.12:871][  0]LogTargetPlatformManager: Display: Building Assets For Windows
[2020.02.18-11.48.12:878][  0]LogAudioDebug: Display: Lib vorbis DLL was dynamically loaded.
[2020.02.18-11.48.12:919][  0]LogShaderCompilers: Guid format shader working directory is -20 characters bigger than the processId version (F:/projects/Unreal Projects/EpicMegaGameJam2019/LOST_IN_THE_FOREST/Intermediate/Shaders/WorkingDirectory/9068/).
[2020.02.18-11.48.12:919][  0]LogShaderCompilers: Cleaned the shader compiler working directory 'C:/Users/whaid/AppData/Local/Temp/UnrealShaderWorkingDir/F48FFED14228B5FB61E42F8BB337ABD2/'.
[2020.02.18-11.48.12:920][  0]LogXGEController: Cannot use XGE Controller as Incredibuild is not installed on this machine.
[2020.02.18-11.48.12:921][  0]LogShaderCompilers: Cannot use XGE Shader Compiler as Incredibuild is not installed on this machine.
[2020.02.18-11.48.12:921][  0]LogShaderCompilers: Display: Using Local Shader Compiler.
[2020.02.18-11.48.13:509][  0]LogDerivedDataCache: Display: Max Cache Size: 512 MB
[2020.02.18-11.48.13:543][  0]LogDerivedDataCache: Loaded boot cache 0.03s 73MB C:/Users/whaid/AppData/Local/UnrealEngine/4.23/DerivedDataCache/Boot.ddc.
[2020.02.18-11.48.13:544][  0]LogDerivedDataCache: Display: Loaded Boot cache: C:/Users/whaid/AppData/Local/UnrealEngine/4.23/DerivedDataCache/Boot.ddc
[2020.02.18-11.48.13:544][  0]LogDerivedDataCache: FDerivedDataBackendGraph:  Pak pak cache file F:/projects/Unreal Projects/EpicMegaGameJam2019/LOST_IN_THE_FOREST/DerivedDataCache/DDC.ddp not found, will not use a pak cache.
[2020.02.18-11.48.13:544][  0]LogDerivedDataCache: Unable to find inner node Pak for hierarchical cache Hierarchy.
[2020.02.18-11.48.13:544][  0]LogDerivedDataCache: FDerivedDataBackendGraph:  CompressedPak pak cache file F:/projects/Unreal Projects/EpicMegaGameJam2019/LOST_IN_THE_FOREST/DerivedDataCache/Compressed.ddp not found, will not use a pak cache.
[2020.02.18-11.48.13:544][  0]LogDerivedDataCache: Unable to find inner node CompressedPak for hierarchical cache Hierarchy.
[2020.02.18-11.48.13:554][  0]LogDerivedDataCache: Display: Pak cache opened for reading ../../../Engine/DerivedDataCache/Compressed.ddp.
[2020.02.18-11.48.13:554][  0]LogDerivedDataCache: FDerivedDataBackendGraph:  EnterprisePak pak cache file ../../../Enterprise/DerivedDataCache/Compressed.ddp not found, will not use a pak cache.
[2020.02.18-11.48.13:554][  0]LogDerivedDataCache: Unable to find inner node EnterprisePak for hierarchical cache Hierarchy.
[2020.02.18-11.48.13:555][  0]LogDerivedDataCache: Using Local data cache path C:/Users/whaid/AppData/Local/UnrealEngine/Common/DerivedDataCache: Writable
[2020.02.18-11.48.13:555][  0]LogDerivedDataCache: Shared data cache path not found in *engine.ini, will not use an Shared cache.
[2020.02.18-11.48.13:555][  0]LogDerivedDataCache: Unable to find inner node Shared for hierarchical cache Hierarchy.
[2020.02.18-11.48.13:575][  0]LogMaterial: Verifying Global Shaders for PCD3D_SM5
[2020.02.18-11.48.13:578][  0]LogSlate: Using FreeType 2.6.0
[2020.02.18-11.48.13:578][  0]LogSlate: SlateFontServices - WITH_FREETYPE: 1, WITH_HARFBUZZ: 1
[2020.02.18-11.48.13:626][  0]LogAssetRegistry: FAssetRegistry took 0.0025 seconds to start up
[2020.02.18-11.48.13:888][  0]LogInit: Selected Device Profile: [Windows]
[2020.02.18-11.48.14:008][  0]LogMeshReduction: Using QuadricMeshReduction for automatic static mesh reduction
[2020.02.18-11.48.14:008][  0]LogMeshReduction: Using SimplygonMeshReduction for automatic skeletal mesh reduction
[2020.02.18-11.48.14:008][  0]LogMeshReduction: Using ProxyLODMeshReduction for automatic mesh merging
[2020.02.18-11.48.14:008][  0]LogMeshReduction: No distributed automatic mesh merging module available
[2020.02.18-11.48.14:008][  0]LogMeshMerging: No distributed automatic mesh merging module available
[2020.02.18-11.48.14:016][  0]LogNetVersion: LOST_IN_THE_FOREST 1.0.0, NetCL: 8386587, EngineNetVer: 11, GameNetVer: 0 (Checksum: 1536150903)
[2020.02.18-11.48.14:376][  0]LogPackageLocalizationCache: Processed 12 localized package path(s) for 1 prioritized culture(s) in 0.054675 seconds
[2020.02.18-11.48.14:384][  0]LogUObjectArray: 43444 objects as part of root set at end of initial load.
[2020.02.18-11.48.14:384][  0]LogUObjectAllocator: 7548648 out of 0 bytes used by permanent object pool.
[2020.02.18-11.48.14:384][  0]LogUObjectArray: CloseDisregardForGC: 0/0 objects in disregard for GC pool
[2020.02.18-11.48.15:054][  0]LogTcpMessaging: Initializing TcpMessaging bridge
[2020.02.18-11.48.15:057][  0]LogUdpMessaging: Initializing bridge on interface 0.0.0.0:0 to multicast group 230.0.0.1:6666.
[2020.02.18-11.48.15:106][  0]SourceControl: Source control is disabled
[2020.02.18-11.48.15:107][  0]LogWindows: Warning: CreateProc failed: Le fichier spécifié est introuvable. (0x00000002)
[2020.02.18-11.48.15:107][  0]LogWindows: Warning: URL: C:/Program Files/Git/bin/git.exe version
[2020.02.18-11.48.15:107][  0]LogWindows: Warning: CreateProc failed: Le fichier spécifié est introuvable. (0x00000002)
[2020.02.18-11.48.15:107][  0]LogWindows: Warning: URL: C:/Program Files (x86)/Git/bin/git.exe version
[2020.02.18-11.48.15:107][  0]LogWindows: Warning: CreateProc failed: Le fichier spécifié est introuvable. (0x00000002)
[2020.02.18-11.48.15:107][  0]LogWindows: Warning: URL: C:\Users\whaid\AppData\Local/Programs/Git/cmd/git.exe version
[2020.02.18-11.48.15:107][  0]LogWindows: Warning: CreateProc failed: Le fichier spécifié est introuvable. (0x00000002)
[2020.02.18-11.48.15:107][  0]LogWindows: Warning: URL: C:/Program Files (x86)/SmartGit/git/bin/git.exe version
[2020.02.18-11.48.15:108][  0]LogWindows: Warning: CreateProc failed: Le fichier spécifié est introuvable. (0x00000002)
[2020.02.18-11.48.15:108][  0]LogWindows: Warning: URL: C:/Program Files (x86)/SmartGit/bin/git.exe version
[2020.02.18-11.48.15:108][  0]LogWindows: Warning: CreateProc failed: Le fichier spécifié est introuvable. (0x00000002)
[2020.02.18-11.48.15:108][  0]LogWindows: Warning: URL: C:\Users\whaid\AppData\Local/Atlassian/SourceTree/git_local/bin/git.exe version
[2020.02.18-11.48.15:108][  0]LogWindows: Warning: CreateProc failed: Le fichier spécifié est introuvable. (0x00000002)
[2020.02.18-11.48.15:108][  0]LogWindows: Warning: URL: C:/Program Files (x86)/fournova/Tower/vendor/Git/bin/git.exe version
[2020.02.18-11.48.15:109][  0]LogWindows: Warning: CreateProc failed: Le fichier spécifié est introuvable. (0x00000002)
[2020.02.18-11.48.15:109][  0]LogWindows: Warning: URL: C:/Program Files/Git/bin/git.exe version
[2020.02.18-11.48.15:110][  0]LogWindows: Warning: CreateProc failed: Le fichier spécifié est introuvable. (0x00000002)
[2020.02.18-11.48.15:110][  0]LogWindows: Warning: URL: C:/Program Files (x86)/Git/bin/git.exe version
[2020.02.18-11.48.15:110][  0]LogWindows: Warning: CreateProc failed: Le fichier spécifié est introuvable. (0x00000002)
[2020.02.18-11.48.15:110][  0]LogWindows: Warning: URL: C:\Users\whaid\AppData\Local/Programs/Git/cmd/git.exe version
[2020.02.18-11.48.15:110][  0]LogWindows: Warning: CreateProc failed: Le fichier spécifié est introuvable. (0x00000002)
[2020.02.18-11.48.15:110][  0]LogWindows: Warning: URL: C:/Program Files (x86)/SmartGit/git/bin/git.exe version
[2020.02.18-11.48.15:110][  0]LogWindows: Warning: CreateProc failed: Le fichier spécifié est introuvable. (0x00000002)
[2020.02.18-11.48.15:110][  0]LogWindows: Warning: URL: C:/Program Files (x86)/SmartGit/bin/git.exe version
[2020.02.18-11.48.15:110][  0]LogWindows: Warning: CreateProc failed: Le fichier spécifié est introuvable. (0x00000002)
[2020.02.18-11.48.15:110][  0]LogWindows: Warning: URL: C:\Users\whaid\AppData\Local/Atlassian/SourceTree/git_local/bin/git.exe version
[2020.02.18-11.48.15:111][  0]LogWindows: Warning: CreateProc failed: Le fichier spécifié est introuvable. (0x00000002)
[2020.02.18-11.48.15:111][  0]LogWindows: Warning: URL: C:/Program Files (x86)/fournova/Tower/vendor/Git/bin/git.exe version
[2020.02.18-11.48.15:111][  0]LogWindows: Warning: CreateProc failed: Le fichier spécifié est introuvable. (0x00000002)
[2020.02.18-11.48.15:111][  0]LogWindows: Warning: URL: C:/Program Files/Git/bin/git.exe version
[2020.02.18-11.48.15:112][  0]LogWindows: Warning: CreateProc failed: Le fichier spécifié est introuvable. (0x00000002)
[2020.02.18-11.48.15:112][  0]LogWindows: Warning: URL: C:/Program Files (x86)/Git/bin/git.exe version
[2020.02.18-11.48.15:112][  0]LogWindows: Warning: CreateProc failed: Le fichier spécifié est introuvable. (0x00000002)
[2020.02.18-11.48.15:112][  0]LogWindows: Warning: URL: C:\Users\whaid\AppData\Local/Programs/Git/cmd/git.exe version
[2020.02.18-11.48.15:112][  0]LogWindows: Warning: CreateProc failed: Le fichier spécifié est introuvable. (0x00000002)
[2020.02.18-11.48.15:112][  0]LogWindows: Warning: URL: C:/Program Files (x86)/SmartGit/git/bin/git.exe version
[2020.02.18-11.48.15:112][  0]LogWindows: Warning: CreateProc failed: Le fichier spécifié est introuvable. (0x00000002)
[2020.02.18-11.48.15:112][  0]LogWindows: Warning: URL: C:/Program Files (x86)/SmartGit/bin/git.exe version
[2020.02.18-11.48.15:112][  0]LogWindows: Warning: CreateProc failed: Le fichier spécifié est introuvable. (0x00000002)
[2020.02.18-11.48.15:112][  0]LogWindows: Warning: URL: C:\Users\whaid\AppData\Local/Atlassian/SourceTree/git_local/bin/git.exe version
[2020.02.18-11.48.15:113][  0]LogWindows: Warning: CreateProc failed: Le fichier spécifié est introuvable. (0x00000002)
[2020.02.18-11.48.15:113][  0]LogWindows: Warning: URL: C:/Program Files (x86)/fournova/Tower/vendor/Git/bin/git.exe version
[2020.02.18-11.48.15:187][  0]LogAndroidPermission: UAndroidPermissionCallbackProxy::GetInstance
[2020.02.18-11.48.15:300][  0]LogOcInput: OculusInput pre-init called
[2020.02.18-11.48.15:305][  0]LogWindows: Failed to load 'OVRPlugin.dll' (GetLastError=126)
[2020.02.18-11.48.15:305][  0]LogWindows: File 'OVRPlugin.dll' does not exist
[2020.02.18-11.48.15:366][  0]LogEngine: Initializing Engine...
[2020.02.18-11.48.15:367][  0]LogHMD: Failed to initialize OpenVR with code 110
[2020.02.18-11.48.15:368][  0]LogStats: UGameplayTagsManager::InitializeManager -  0.000 s
[2020.02.18-11.48.15:555][  0]LogInit: Initializing FReadOnlyCVARCache
[2020.02.18-11.48.15:566][  0]LogAIModule: Creating AISystem for world Untitled
[2020.02.18-11.48.15:581][  0]LogInit: XAudio2 using 'Headset Earphone (HyperX Virtual Surround Sound)' : 2 channels at 48 kHz using 16 bits per sample (channel mask 0x3)
[2020.02.18-11.48.15:604][  0]LogInit: FAudioDevice initialized.
[2020.02.18-11.48.15:604][  0]LogNetVersion: Set ProjectVersion to 1.0.0.0. Version Checksum will be recalculated on next use.
[2020.02.18-11.48.15:674][  0]LogDerivedDataCache: Saved boot cache 0.07s 73MB C:/Users/whaid/AppData/Local/UnrealEngine/4.23/DerivedDataCache/Boot.ddc.
[2020.02.18-11.48.15:678][  0]LogInit: Texture streaming: Enabled
[2020.02.18-11.48.15:691][  0]LogEngineSessionManager: EngineSessionManager initialized
[2020.02.18-11.48.15:692][  0]LogEditorSessionSummary: Verbose: Initializing EditorSessionSummaryWriter for editor session tracking
[2020.02.18-11.48.15:692][  0]LogEditorSessionSummary: EditorSessionSummaryWriter initialized
[2020.02.18-11.48.15:741][  0]LogInit: Transaction tracking system initialized
[2020.02.18-11.48.15:763][  0]BlueprintLog: New page: Editor Load
[2020.02.18-11.48.15:813][  0]LocalizationService: Localization service is disabled
[2020.02.18-11.48.16:007][  0]LogFileCache: Scanning file cache for directory 'F:/projects/Unreal Projects/EpicMegaGameJam2019/LOST_IN_THE_FOREST/Content/' took 0.01s
[2020.02.18-11.48.16:007][  0]LogCook: Display: Max memory allowance for cook 16384mb min free memory 0mb
[2020.02.18-11.48.16:007][  0]LogCook: Display: Mobile HDR setting 1
[2020.02.18-11.48.16:146][  0]LogWindows: Warning: CreateProc failed: Le fichier spécifié est introuvable. (0x00000002)
[2020.02.18-11.48.16:146][  0]LogWindows: Warning: URL: C:/Program Files/Git/bin/git.exe version
[2020.02.18-11.48.16:147][  0]LogWindows: Warning: CreateProc failed: Le fichier spécifié est introuvable. (0x00000002)
[2020.02.18-11.48.16:147][  0]LogWindows: Warning: URL: C:/Program Files (x86)/Git/bin/git.exe version
[2020.02.18-11.48.16:147][  0]LogWindows: Warning: CreateProc failed: Le fichier spécifié est introuvable. (0x00000002)
[2020.02.18-11.48.16:147][  0]LogWindows: Warning: URL: C:\Users\whaid\AppData\Local/Programs/Git/cmd/git.exe version
[2020.02.18-11.48.16:147][  0]LogWindows: Warning: CreateProc failed: Le fichier spécifié est introuvable. (0x00000002)
[2020.02.18-11.48.16:147][  0]LogWindows: Warning: URL: C:/Program Files (x86)/SmartGit/git/bin/git.exe version
[2020.02.18-11.48.16:147][  0]LogWindows: Warning: CreateProc failed: Le fichier spécifié est introuvable. (0x00000002)
[2020.02.18-11.48.16:147][  0]LogWindows: Warning: URL: C:/Program Files (x86)/SmartGit/bin/git.exe version
[2020.02.18-11.48.16:147][  0]LogWindows: Warning: CreateProc failed: Le fichier spécifié est introuvable. (0x00000002)
[2020.02.18-11.48.16:148][  0]LogWindows: Warning: URL: C:\Users\whaid\AppData\Local/Atlassian/SourceTree/git_local/bin/git.exe version
[2020.02.18-11.48.16:148][  0]LogWindows: Warning: CreateProc failed: Le fichier spécifié est introuvable. (0x00000002)
[2020.02.18-11.48.16:148][  0]LogWindows: Warning: URL: C:/Program Files (x86)/fournova/Tower/vendor/Git/bin/git.exe version
[2020.02.18-11.48.16:148][  0]Cmd: MAP LOAD FILE="F:/projects/Unreal Projects/EpicMegaGameJam2019/LOST_IN_THE_FOREST/Content/Map/Level_Prototype.umap" TEMPLATE=0 SHOWPROGRESS=1 FEATURELEVEL=3
[2020.02.18-11.48.16:152][  0]LightingResults: New page: Lighting Build
[2020.02.18-11.48.16:154][  0]LogWorld: UWorld::CleanupWorld for Untitled, bSessionEnded=true, bCleanupResources=true
[2020.02.18-11.48.16:154][  0]MapCheck: New page: Map Check
[2020.02.18-11.48.16:154][  0]LightingResults: New page: Lighting Build
[2020.02.18-11.48.16:188][  0]LogUObjectHash: Compacting FUObjectHashTables data took   1.57ms
[2020.02.18-11.48.16:277][  0]LogAIModule: Creating AISystem for world Level_Prototype
[2020.02.18-11.48.16:281][  0]LogEditorServer: Finished looking for orphan Actors (0.000 secs)
[2020.02.18-11.48.16:314][  0]LogUObjectHash: Compacting FUObjectHashTables data took   1.97ms
[2020.02.18-11.48.16:315][  0]Cmd: MAP CHECKDEP NOCLEARLOG
[2020.02.18-11.48.16:315][  0]MapCheck: Map check complete: 0 Error(s), 0 Warning(s), took 0,237ms to complete.
[2020.02.18-11.48.16:315][  0]LogFileHelpers: Loading map 'Level_Prototype' took 0.167
[2020.02.18-11.48.16:430][  0]LogSlate: Updating window title bar state: overlay mode, drag disabled, window buttons hidden, title bar hidden
[2020.02.18-11.48.16:436][  0]LogSlate: Updating window title bar state: overlay mode, drag disabled, window buttons hidden, title bar hidden
[2020.02.18-11.48.16:442][  0]LogSlate: Updating window title bar state: overlay mode, drag disabled, window buttons hidden, title bar hidden
[2020.02.18-11.48.16:448][  0]LogSlate: Updating window title bar state: overlay mode, drag disabled, window buttons hidden, title bar hidden
[2020.02.18-11.48.16:456][  0]LogCollectionManager: Loaded 0 collections in 0.001100 seconds
[2020.02.18-11.48.16:463][  0]LogFileCache: Scanning file cache for directory 'F:/projects/Unreal Projects/EpicMegaGameJam2019/LOST_IN_THE_FOREST/Saved/Collections/' took 0.00s
[2020.02.18-11.48.16:463][  0]LogFileCache: Scanning file cache for directory 'F:/projects/Unreal Projects/EpicMegaGameJam2019/LOST_IN_THE_FOREST/Content/Developers/whaid/Collections/' took 0.00s
[2020.02.18-11.48.16:463][  0]LogFileCache: Scanning file cache for directory 'F:/projects/Unreal Projects/EpicMegaGameJam2019/LOST_IN_THE_FOREST/Content/Collections/' took 0.00s
[2020.02.18-11.48.16:463][  0]LogCollectionManager: Rebuilt the GUID cache for 0 collections in 0.000001 seconds
[2020.02.18-11.48.16:471][  0]LogContentBrowser: Native class hierarchy populated in 0.0082 seconds. Added 2863 classes and 680 folders.
[2020.02.18-11.48.16:476][  0]LogContentBrowser: Native class hierarchy updated for 'WidgetCarousel' in 0.0003 seconds. Added 0 classes and 0 folders.
[2020.02.18-11.48.16:661][  0]LogContentBrowser: Native class hierarchy updated for 'AddContentDialog' in 0.0003 seconds. Added 0 classes and 0 folders.
[2020.02.18-11.48.16:712][  0]LogContentBrowser: Native class hierarchy updated for 'SceneOutliner' in 0.0004 seconds. Added 1 classes and 2 folders.
[2020.02.18-11.48.16:738][  0]LogSlate: Took 0.000202 seconds to synchronously load lazily loaded font '../../../Engine/Content/Slate/Fonts/Roboto-Regular.ttf' (155K)
[2020.02.18-11.48.16:744][  0]LogSlate: Took 0.000172 seconds to synchronously load lazily loaded font '../../../Engine/Content/Slate/Fonts/Roboto-Bold.ttf' (160K)
[2020.02.18-11.48.16:746][  0]LogSlate: Took 0.000586 seconds to synchronously load lazily loaded font '../../../Engine/Content/Editor/Slate/Fonts/FontAwesome.ttf' (139K)
[2020.02.18-11.48.16:788][  0]LogRenderer: Reallocating scene render targets to support 1400x684 Format 10 NumSamples 1 (Frame:1).
[2020.02.18-11.48.16:862][  0]LogContentBrowser: Native class hierarchy updated for 'HierarchicalLODOutliner' in 0.0003 seconds. Added 0 classes and 0 folders.
[2020.02.18-11.48.16:862][  0]LogLoad: (Engine Initialization) Total time: 5.44 seconds
[2020.02.18-11.48.16:862][  0]LogLoad: (Engine Initialization) Total Blueprint compile time: 0.00 seconds
[2020.02.18-11.48.16:886][  0]LogContentStreaming: Texture pool size now 1000 MB
[2020.02.18-11.48.16:926][  0]LogSlate: Took 0.000115 seconds to synchronously load lazily loaded font '../../../Engine/Content/Slate/Fonts/Roboto-Light.ttf' (167K)
[2020.02.18-11.48.19:988][366]LogSlate: FSceneViewport::OnFocusLost() reason 0
[2020.02.18-11.48.20:105][380]LogTemp: Repeating last play command: Selected Viewport
[2020.02.18-11.48.20:121][380]LogBlueprintUserMessages: Early PlayInEditor Detection: Level '/Game/Map/Level_Prototype.Level_Prototype:PersistentLevel' has LevelScriptBlueprint '/Game/Map/Level_Prototype.Level_Prototype:PersistentLevel.Level_Prototype' with GeneratedClass '/Game/Map/Level_Prototype.Level_Prototype_C' with ClassGeneratedBy '/Game/Map/Level_Prototype.Level_Prototype:PersistentLevel.Level_Prototype'
[2020.02.18-11.48.20:121][380]LogPlayLevel: PlayLevel: No blueprints needed recompiling
[2020.02.18-11.48.20:124][380]PIE: New page: PIE session: Level_Prototype (18 févr. 2020 13:48:20)
[2020.02.18-11.48.20:125][380]LogOnline: OSS: Creating online subsystem instance for: NULL
[2020.02.18-11.48.20:126][380]LogPlayLevel: Creating play world package: /Game/Map/UEDPIE_0_Level_Prototype
[2020.02.18-11.48.20:128][380]LogPlayLevel: PIE: StaticDuplicateObject took: (0.002161s)
[2020.02.18-11.48.20:129][380]LogAIModule: Creating AISystem for world Level_Prototype
[2020.02.18-11.48.20:129][380]LogPlayLevel: PIE: World Init took: (0.000843s)
[2020.02.18-11.48.20:129][380]LogPlayLevel: PIE: Created PIE world by copying editor world from /Game/Map/Level_Prototype.Level_Prototype to /Game/Map/UEDPIE_0_Level_Prototype.Level_Prototype (0.003299s)
[2020.02.18-11.48.20:161][380]LogUObjectHash: Compacting FUObjectHashTables data took   1.41ms
[2020.02.18-11.48.20:171][380]LogInit: XAudio2 using 'Headset Earphone (HyperX Virtual Surround Sound)' : 2 channels at 48 kHz using 16 bits per sample (channel mask 0x3)
[2020.02.18-11.48.20:180][380]LogInit: FAudioDevice initialized.
[2020.02.18-11.48.20:207][380]LogLoad: Game class is 'TopDownGameMode_C'
[2020.02.18-11.48.20:208][380]LogWorld: Bringing World /Game/Map/UEDPIE_0_Level_Prototype.Level_Prototype up for play (max tick rate 0) at 2020.02.18-12.48.20
[2020.02.18-11.48.20:209][380]LogWorld: Bringing up level for play took: 0.000691
[2020.02.18-11.48.20:209][380]LogOnline: OSS: Creating online subsystem instance for: :Context_1
[2020.02.18-11.48.20:214][380]LogContentBrowser: Native class hierarchy updated for 'MovieSceneCapture' in 0.0003 seconds. Added 20 classes and 0 folders.
[2020.02.18-11.48.20:216][380]PIE: Play in editor start time for /Game/Map/UEDPIE_0_Level_Prototype 0,91
[2020.02.18-11.48.20:216][380]LogBlueprintUserMessages: Late PlayInEditor Detection: Level '/Game/Map/Level_Prototype.Level_Prototype:PersistentLevel' has LevelScriptBlueprint '/Game/Map/Level_Prototype.Level_Prototype:PersistentLevel.Level_Prototype' with GeneratedClass '/Game/Map/Level_Prototype.Level_Prototype_C' with ClassGeneratedBy '/Game/Map/Level_Prototype.Level_Prototype:PersistentLevel.Level_Prototype'
[2020.02.18-11.48.21:047][478]LogAssetRegistry: Asset discovery search completed in 7.4219 seconds
[2020.02.18-11.48.21:050][478]LogCollectionManager: Rebuilt the object cache for 0 collections in 0.000004 seconds (found 0 objects)
[2020.02.18-11.48.21:050][478]LogCollectionManager: Fixed up redirectors for 0 collections in 0.000042 seconds (updated 0 objects)
[2020.02.18-11.48.53:997][430]LogSlate: FSceneViewport::OnFocusLost() reason 0
[2020.02.18-11.48.58:580][979]LogAssetEditorManager: Opening Asset editor for WidgetBlueprint /Game/Blueprint/UI/WG_Energy.WG_Energy
[2020.02.18-11.48.58:799][979]LogContentBrowser: Native class hierarchy updated for 'BlueprintGraph' in 0.0006 seconds. Added 121 classes and 0 folders.
[2020.02.18-11.48.59:877][979]LogSlate: Took 0.000153 seconds to synchronously load lazily loaded font '../../../Engine/Content/Slate/Fonts/Roboto-Light.ttf' (167K)
[2020.02.18-11.48.59:878][979]LogSlate: Took 0.000159 seconds to synchronously load lazily loaded font '../../../Engine/Content/Slate/Fonts/Roboto-BoldCondensed.ttf' (158K)
[2020.02.18-11.49.18:321][179]LogSlate: Window 'WG_Energy' being destroyed
[2020.02.18-11.49.18:325][179]LogSlate: Window 'WG_Energy' being destroyed
[2020.02.18-11.49.18:327][179]LogWorld: UWorld::CleanupWorld for World_2, bSessionEnded=true, bCleanupResources=true
[2020.02.18-11.49.18:345][179]LogWorld: UWorld::CleanupWorld for World_1, bSessionEnded=true, bCleanupResources=true
[2020.02.18-11.49.20:754][462]LogAssetEditorManager: Opening Asset editor for WidgetBlueprint /Game/Blueprint/UI/WG_Energy.WG_Energy
[2020.02.18-11.49.25:918][ 26]LogSlate: Window 'WG_Energy' being destroyed
[2020.02.18-11.49.25:922][ 26]LogSlate: Window 'WG_Energy' being destroyed
[2020.02.18-11.49.25:923][ 26]LogWorld: UWorld::CleanupWorld for World_4, bSessionEnded=true, bCleanupResources=true
[2020.02.18-11.49.25:927][ 26]LogWorld: UWorld::CleanupWorld for World_3, bSessionEnded=true, bCleanupResources=true
[2020.02.18-11.49.33:602][939]LogAssetEditorManager: Opening Asset editor for Blueprint /Game/Blueprint/Personnage/BP_CHAR.BP_CHAR
[2020.02.18-11.49.52:316][ 57]LogSlate: Window 'BP_CHAR' being destroyed
[2020.02.18-11.49.52:320][ 57]LogSlate: Window 'BP_CHAR' being destroyed
[2020.02.18-11.49.52:340][ 57]LogWorld: UWorld::CleanupWorld for World_5, bSessionEnded=true, bCleanupResources=true
[2020.02.18-11.49.59:372][895]LogSlate: FSceneViewport::OnFocusLost() reason 0
[2020.02.18-11.50.00:814][ 65]LogAssetEditorManager: Opening Asset editor for Blueprint /Game/Blueprint/Personnage/BP_CHAR.BP_CHAR
[2020.02.18-11.50.07:930][854]LogSlate: Window 'BP_CHAR' being destroyed
[2020.02.18-11.50.07:933][854]LogSlate: Window 'BP_CHAR' being destroyed
[2020.02.18-11.50.07:934][854]LogWorld: UWorld::CleanupWorld for World_6, bSessionEnded=true, bCleanupResources=true
[2020.02.18-11.50.09:119][990]LogBlueprintUserMessages: Early EndPlayMap Detection: Level '/Game/Map/Level_Prototype.Level_Prototype:PersistentLevel' has LevelScriptBlueprint '/Game/Map/Level_Prototype.Level_Prototype:PersistentLevel.Level_Prototype' with GeneratedClass '/Game/Map/Level_Prototype.Level_Prototype_C' with ClassGeneratedBy '/Game/Map/Level_Prototype.Level_Prototype:PersistentLevel.Level_Prototype'
[2020.02.18-11.50.09:120][990]LogSlate: Updating window title bar state: overlay mode, drag disabled, window buttons hidden, title bar hidden
[2020.02.18-11.50.09:120][990]LogWorld: BeginTearingDown for /Game/Map/UEDPIE_0_Level_Prototype
[2020.02.18-11.50.09:120][990]LogWorld: UWorld::CleanupWorld for Level_Prototype, bSessionEnded=true, bCleanupResources=true
[2020.02.18-11.50.09:127][990]LogPlayLevel: Display: Shutting down PIE online subsystems
[2020.02.18-11.50.09:128][990]LogBlueprintUserMessages: Late EndPlayMap Detection: Level '/Game/Map/Level_Prototype.Level_Prototype:PersistentLevel' has LevelScriptBlueprint '/Game/Map/Level_Prototype.Level_Prototype:PersistentLevel.Level_Prototype' with GeneratedClass '/Game/Map/Level_Prototype.Level_Prototype_C' with ClassGeneratedBy '/Game/Map/Level_Prototype.Level_Prototype:PersistentLevel.Level_Prototype'
[2020.02.18-11.50.09:164][990]LogSlate: Updating window title bar state: overlay mode, drag disabled, window buttons hidden, title bar hidden
[2020.02.18-11.50.09:189][990]LogUObjectHash: Compacting FUObjectHashTables data took   4.39ms
[2020.02.18-11.50.09:224][994]LogPlayLevel: Display: Destroying online subsystem :Context_1
[2020.02.18-11.50.09:982][ 85]LogTemp: Repeating last play command: Selected Viewport
[2020.02.18-11.50.09:998][ 85]LogBlueprintUserMessages: Early PlayInEditor Detection: Level '/Game/Map/Level_Prototype.Level_Prototype:PersistentLevel' has LevelScriptBlueprint '/Game/Map/Level_Prototype.Level_Prototype:PersistentLevel.Level_Prototype' with GeneratedClass '/Game/Map/Level_Prototype.Level_Prototype_C' with ClassGeneratedBy '/Game/Map/Level_Prototype.Level_Prototype:PersistentLevel.Level_Prototype'
[2020.02.18-11.50.09:998][ 85]LogPlayLevel: PlayLevel: No blueprints needed recompiling
[2020.02.18-11.50.09:998][ 85]PIE: New page: PIE session: Level_Prototype (18 févr. 2020 13:50:09)
[2020.02.18-11.50.09:998][ 85]LogPlayLevel: Creating play world package: /Game/Map/UEDPIE_0_Level_Prototype
[2020.02.18-11.50.10:000][ 85]LogPlayLevel: PIE: StaticDuplicateObject took: (0.002295s)
[2020.02.18-11.50.10:001][ 85]LogAIModule: Creating AISystem for world Level_Prototype
[2020.02.18-11.50.10:001][ 85]LogPlayLevel: PIE: World Init took: (0.000762s)
[2020.02.18-11.50.10:001][ 85]LogPlayLevel: PIE: Created PIE world by copying editor world from /Game/Map/Level_Prototype.Level_Prototype to /Game/Map/UEDPIE_0_Level_Prototype.Level_Prototype (0.003155s)
[2020.02.18-11.50.10:035][ 85]LogUObjectHash: Compacting FUObjectHashTables data took   2.22ms
[2020.02.18-11.50.10:046][ 85]LogInit: XAudio2 using 'Headset Earphone (HyperX Virtual Surround Sound)' : 2 channels at 48 kHz using 16 bits per sample (channel mask 0x3)
[2020.02.18-11.50.10:054][ 85]LogInit: FAudioDevice initialized.
[2020.02.18-11.50.10:060][ 85]LogLoad: Game class is 'TopDownGameMode_C'
[2020.02.18-11.50.10:061][ 85]LogWorld: Bringing World /Game/Map/UEDPIE_0_Level_Prototype.Level_Prototype up for play (max tick rate 0) at 2020.02.18-12.50.10
[2020.02.18-11.50.10:061][ 85]LogWorld: Bringing up level for play took: 0.000560
[2020.02.18-11.50.10:061][ 85]LogOnline: OSS: Creating online subsystem instance for: :Context_9
[2020.02.18-11.50.10:064][ 85]PIE: Play in editor start time for /Game/Map/UEDPIE_0_Level_Prototype 0,758
[2020.02.18-11.50.10:064][ 85]LogBlueprintUserMessages: Late PlayInEditor Detection: Level '/Game/Map/Level_Prototype.Level_Prototype:PersistentLevel' has LevelScriptBlueprint '/Game/Map/Level_Prototype.Level_Prototype:PersistentLevel.Level_Prototype' with GeneratedClass '/Game/Map/Level_Prototype.Level_Prototype_C' with ClassGeneratedBy '/Game/Map/Level_Prototype.Level_Prototype:PersistentLevel.Level_Prototype'
[2020.02.18-11.50.20:551][343]LogSlate: FSceneViewport::OnFocusLost() reason 0
[2020.02.18-11.50.20:651][355]LogBlueprintUserMessages: Early EndPlayMap Detection: Level '/Game/Map/Level_Prototype.Level_Prototype:PersistentLevel' has LevelScriptBlueprint '/Game/Map/Level_Prototype.Level_Prototype:PersistentLevel.Level_Prototype' with GeneratedClass '/Game/Map/Level_Prototype.Level_Prototype_C' with ClassGeneratedBy '/Game/Map/Level_Prototype.Level_Prototype:PersistentLevel.Level_Prototype'
[2020.02.18-11.50.20:651][355]LogSlate: Updating window title bar state: overlay mode, drag disabled, window buttons hidden, title bar hidden
[2020.02.18-11.50.20:651][355]LogWorld: BeginTearingDown for /Game/Map/UEDPIE_0_Level_Prototype
[2020.02.18-11.50.20:652][355]LogWorld: UWorld::CleanupWorld for Level_Prototype, bSessionEnded=true, bCleanupResources=true
[2020.02.18-11.50.20:657][355]LogPlayLevel: Display: Shutting down PIE online subsystems
[2020.02.18-11.50.20:657][355]LogBlueprintUserMessages: Late EndPlayMap Detection: Level '/Game/Map/Level_Prototype.Level_Prototype:PersistentLevel' has LevelScriptBlueprint '/Game/Map/Level_Prototype.Level_Prototype:PersistentLevel.Level_Prototype' with GeneratedClass '/Game/Map/Level_Prototype.Level_Prototype_C' with ClassGeneratedBy '/Game/Map/Level_Prototype.Level_Prototype:PersistentLevel.Level_Prototype'
[2020.02.18-11.50.20:692][355]LogSlate: Updating window title bar state: overlay mode, drag disabled, window buttons hidden, title bar hidden
[2020.02.18-11.50.20:695][355]LogUObjectHash: Compacting FUObjectHashTables data took   2.38ms
[2020.02.18-11.50.20:753][362]LogPlayLevel: Display: Destroying online subsystem :Context_9
[2020.02.18-11.50.39:128][ 33]LogSlate: FSceneViewport::OnFocusLost() reason 2
[2020.02.18-11.50.42:135][394]LogEditorViewport: Clicking on Actor (LMB): StaticMeshActor (Floor)
[2020.02.18-11.50.42:604][443]LogSlate: FSceneViewport::OnFocusLost() reason 0
[2020.02.18-11.50.43:973][600]LogAssetEditorManager: Opening Asset editor for Blueprint /Game/Blueprint/Personnage/BP_CHAR.BP_CHAR
[2020.02.18-11.50.59:086][217]Cmd: OBJ SAVEPACKAGE PACKAGE="/Game/Blueprint/Personnage/BP_CHAR" FILE="F:/projects/Unreal Projects/EpicMegaGameJam2019/LOST_IN_THE_FOREST/Content/Blueprint/Personnage/BP_CHAR.uasset" SILENT=true
[2020.02.18-11.50.59:138][217]LogSavePackage: Moving 'F:/projects/Unreal Projects/EpicMegaGameJam2019/LOST_IN_THE_FOREST/Saved/BP_CHAR2BE27E854B0C91BE3CBDBF9A252EA4F5.tmp' to 'F:/projects/Unreal Projects/EpicMegaGameJam2019/LOST_IN_THE_FOREST/Content/Blueprint/Personnage/BP_CHAR.uasset'
[2020.02.18-11.50.59:833][292]Cmd: OBJ SAVEPACKAGE PACKAGE="/Game/Blueprint/Personnage/BP_CHAR" FILE="F:/projects/Unreal Projects/EpicMegaGameJam2019/LOST_IN_THE_FOREST/Content/Blueprint/Personnage/BP_CHAR.uasset" SILENT=true
[2020.02.18-11.50.59:880][292]LogSavePackage: Moving 'F:/projects/Unreal Projects/EpicMegaGameJam2019/LOST_IN_THE_FOREST/Saved/BP_CHAREFAE2FC64F4221FE35179DA7845C1ACF.tmp' to 'F:/projects/Unreal Projects/EpicMegaGameJam2019/LOST_IN_THE_FOREST/Content/Blueprint/Personnage/BP_CHAR.uasset'
[2020.02.18-11.51.32:993][983]LogSlate: Window 'BP_CHAR' being destroyed
[2020.02.18-11.51.32:996][983]LogSlate: Window 'BP_CHAR' being destroyed
[2020.02.18-11.51.32:997][983]LogWorld: UWorld::CleanupWorld for World_8, bSessionEnded=true, bCleanupResources=true
[2020.02.18-11.51.33:672][ 58]LogEditorViewport: Clicking on Actor (LMB): StaticMeshActor (Floor)
[2020.02.18-11.51.34:463][151]LogSlate: FSceneViewport::OnFocusLost() reason 5
[2020.02.18-11.51.34:506][151]LogUObjectHash: Compacting FUObjectHashTables data took   2.08ms
[2020.02.18-11.51.34:697][151]LogSavePackage: Moving 'F:/projects/Unreal Projects/EpicMegaGameJam2019/LOST_IN_THE_FOREST/Saved/Level_Prototype11DE0D3A441620EEA66E238636993F14.tmp' to 'F:/projects/Unreal Projects/EpicMegaGameJam2019/LOST_IN_THE_FOREST/Content/Map/Level_Prototype.umap'
[2020.02.18-11.51.34:732][151]Cmd: OBJ SAVEPACKAGE PACKAGE="/Game/Map/Level_Prototype_BuiltData" FILE="F:/projects/Unreal Projects/EpicMegaGameJam2019/LOST_IN_THE_FOREST/Content/Map/Level_Prototype_BuiltData.uasset" SILENT=true
[2020.02.18-11.51.34:754][151]LogSavePackage: Moving 'F:/projects/Unreal Projects/EpicMegaGameJam2019/LOST_IN_THE_FOREST/Saved/Level_Prototype_BuiltDataB2BDA8734C0357DAF6D18AA2102DB886.tmp' to 'F:/projects/Unreal Projects/EpicMegaGameJam2019/LOST_IN_THE_FOREST/Content/Map/Level_Prototype_BuiltData.uasset'
[2020.02.18-11.51.38:108][550]LogSlate: FSceneViewport::OnFocusLost() reason 0
[2020.02.18-11.51.38:217][563]LogTemp: Repeating last play command: Selected Viewport
[2020.02.18-11.51.38:232][563]LogBlueprintUserMessages: Early PlayInEditor Detection: Level '/Game/Map/Level_Prototype.Level_Prototype:PersistentLevel' has LevelScriptBlueprint '/Game/Map/Level_Prototype.Level_Prototype:PersistentLevel.Level_Prototype' with GeneratedClass '/Game/Map/Level_Prototype.Level_Prototype_C' with ClassGeneratedBy '/Game/Map/Level_Prototype.Level_Prototype:PersistentLevel.Level_Prototype'
[2020.02.18-11.51.38:232][563]BlueprintLog: New page: Pre-Play auto-recompile
[2020.02.18-11.51.38:241][563]LogPlayLevel: [PlayLevel] Compiling BP_CHAR before play...
[2020.02.18-11.51.38:286][563]LogUObjectHash: Compacting FUObjectHashTables data took   3.36ms
[2020.02.18-11.51.38:286][563]LogPlayLevel: PlayLevel: Blueprint regeneration took 53 ms (1 blueprints)
[2020.02.18-11.51.38:286][563]PIE: New page: PIE session: Level_Prototype (18 févr. 2020 13:51:38)
[2020.02.18-11.51.38:286][563]LogPlayLevel: Creating play world package: /Game/Map/UEDPIE_0_Level_Prototype
[2020.02.18-11.51.38:289][563]LogPlayLevel: PIE: StaticDuplicateObject took: (0.002259s)
[2020.02.18-11.51.38:289][563]LogAIModule: Creating AISystem for world Level_Prototype
[2020.02.18-11.51.38:289][563]LogPlayLevel: PIE: World Init took: (0.000777s)
[2020.02.18-11.51.38:289][563]LogPlayLevel: PIE: Created PIE world by copying editor world from /Game/Map/Level_Prototype.Level_Prototype to /Game/Map/UEDPIE_0_Level_Prototype.Level_Prototype (0.003142s)
[2020.02.18-11.51.38:324][563]LogUObjectHash: Compacting FUObjectHashTables data took   2.22ms
[2020.02.18-11.51.38:335][563]LogInit: XAudio2 using 'Headset Earphone (HyperX Virtual Surround Sound)' : 2 channels at 48 kHz using 16 bits per sample (channel mask 0x3)
[2020.02.18-11.51.38:344][563]LogInit: FAudioDevice initialized.
[2020.02.18-11.51.38:349][563]LogLoad: Game class is 'TopDownGameMode_C'
[2020.02.18-11.51.38:350][563]LogWorld: Bringing World /Game/Map/UEDPIE_0_Level_Prototype.Level_Prototype up for play (max tick rate 0) at 2020.02.18-12.51.38
[2020.02.18-11.51.38:350][563]LogWorld: Bringing up level for play took: 0.000533
[2020.02.18-11.51.38:351][563]LogOnline: OSS: Creating online subsystem instance for: :Context_12
[2020.02.18-11.51.38:353][563]PIE: Play in editor start time for /Game/Map/UEDPIE_0_Level_Prototype 1,048
[2020.02.18-11.51.38:353][563]LogBlueprintUserMessages: Late PlayInEditor Detection: Level '/Game/Map/Level_Prototype.Level_Prototype:PersistentLevel' has LevelScriptBlueprint '/Game/Map/Level_Prototype.Level_Prototype:PersistentLevel.Level_Prototype' with GeneratedClass '/Game/Map/Level_Prototype.Level_Prototype_C' with ClassGeneratedBy '/Game/Map/Level_Prototype.Level_Prototype:PersistentLevel.Level_Prototype'
[2020.02.18-11.51.51:665][159]LogSlate: FSceneViewport::OnFocusLost() reason 0
[2020.02.18-11.51.51:749][169]LogBlueprintUserMessages: Early EndPlayMap Detection: Level '/Game/Map/Level_Prototype.Level_Prototype:PersistentLevel' has LevelScriptBlueprint '/Game/Map/Level_Prototype.Level_Prototype:PersistentLevel.Level_Prototype' with GeneratedClass '/Game/Map/Level_Prototype.Level_Prototype_C' with ClassGeneratedBy '/Game/Map/Level_Prototype.Level_Prototype:PersistentLevel.Level_Prototype'
[2020.02.18-11.51.51:749][169]LogSlate: Updating window title bar state: overlay mode, drag disabled, window buttons hidden, title bar hidden
[2020.02.18-11.51.51:749][169]LogWorld: BeginTearingDown for /Game/Map/UEDPIE_0_Level_Prototype
[2020.02.18-11.51.51:750][169]LogWorld: UWorld::CleanupWorld for Level_Prototype, bSessionEnded=true, bCleanupResources=true
[2020.02.18-11.51.51:760][169]LogPlayLevel: Display: Shutting down PIE online subsystems
[2020.02.18-11.51.51:760][169]LogBlueprintUserMessages: Late EndPlayMap Detection: Level '/Game/Map/Level_Prototype.Level_Prototype:PersistentLevel' has LevelScriptBlueprint '/Game/Map/Level_Prototype.Level_Prototype:PersistentLevel.Level_Prototype' with GeneratedClass '/Game/Map/Level_Prototype.Level_Prototype_C' with ClassGeneratedBy '/Game/Map/Level_Prototype.Level_Prototype:PersistentLevel.Level_Prototype'
[2020.02.18-11.51.51:797][169]LogSlate: Updating window title bar state: overlay mode, drag disabled, window buttons hidden, title bar hidden
[2020.02.18-11.51.51:800][169]LogUObjectHash: Compacting FUObjectHashTables data took   2.39ms
[2020.02.18-11.51.51:851][175]LogPlayLevel: Display: Destroying online subsystem :Context_12
[2020.02.18-11.52.01:084][281]LogAssetEditorManager: Opening Asset editor for Blueprint /Game/Blueprint/Personnage/BP_CHAR.BP_CHAR
[2020.02.18-11.52.28:358][448]LogSlate: Window 'BP_CHAR' being destroyed
[2020.02.18-11.52.28:361][448]LogSlate: Window 'BP_CHAR' being destroyed
[2020.02.18-11.52.28:362][448]LogWorld: UWorld::CleanupWorld for World_9, bSessionEnded=true, bCleanupResources=true
